Removed Pin From Net: NetName=GND Pin=C25-1
Removed Pin From Net: NetName=VCC3.3 Pin=C25-2
Removed Pin From Net: NetName=GND Pin=C29-1
Removed Pin From Net: NetName=VCC3.3 Pin=C29-2
Removed Pin From Net: NetName=USART1_TX Pin=P5-1
Removed Pin From Net: NetName=USART1_RX Pin=P5-2
Removed Pin From Net: NetName=GND Pin=R14-2
Removed Pin From Net: NetName=VCC3.3 Pin=R17-1
Removed Pin From Net: NetName=GND Pin=U5-5
Removed Pin From Net: NetName=VCC3.3 Pin=U5-8
Removed Pin From Net: NetName=SPI2_MISO Pin=U8-2
Removed Pin From Net: NetName=VCC3.3 Pin=U8-3
Removed Pin From Net: NetName=GND Pin=U8-4
Removed Pin From Net: NetName=SPI2_MOSI Pin=U8-5
Removed Pin From Net: NetName=SPI2_SCK Pin=U8-6
Removed Pin From Net: NetName=VCC3.3 Pin=U8-7
Removed Pin From Net: NetName=VCC3.3 Pin=U8-8
Removed Pin From Net: NetName=LED0 Pin=U-33
Removed Member From Class: ClassName=OVSR Member=C25
Removed Member From Class: ClassName=OVSR Member=C29
Removed Member From Class: ClassName=OVSR Member=P5
Removed Member From Class: ClassName=OVSR Member=R14
Removed Member From Class: ClassName=OVSR Member=R17
Removed Member From Class: ClassName=OVSR Member=R20
Removed Member From Class: ClassName=OVSR Member=RS485
Removed Member From Class: ClassName=OVSR Member=U5
Change Component Footprint: Designator=U8 Old Footprint=SOIC-8 New Footprint=HP911105A
Change Component Comment : Designator=U8 Old Comment=W25Q128 New Comment=HR911105A
Added Component: Designator=C40(Cr1608-0603)
Added Component: Designator=C41(Cr1608-0603)
Added Component: Designator=C42(Cr1608-0603)
Added Component: Designator=C43(Cr1608-0603)
Added Component: Designator=C44(Cr1608-0603)
Added Component: Designator=L1(1206)
Added Component: Designator=R41(Cr1608-0603)
Added Component: Designator=R42(Cr1608-0603)
Added Component: Designator=R43(Cr1608-0603)
Added Component: Designator=USART(HEAD2L-0.8)
Added Component: Designator=Y2(XTAL_US)
Added Pin To Net: NetName=GND Pin=C40-1
Added Pin To Net: NetName=VCC3.3 Pin=C41-1
Added Pin To Net: NetName=GND Pin=C41-2
Added Pin To Net: NetName=GND Pin=C42-2
Added Pin To Net: NetName=GND Pin=C43-2
Added Pin To Net: NetName=GND Pin=C44-2
Added Pin To Net: NetName=VCC3.3 Pin=L1-2
Added Pin To Net: NetName=GND Pin=R43-2
Added Pin To Net: NetName=GND Pin=U8-8
Added Pin To Net: NetName=GND Pin=U8-10
Added Pin To Net: NetName=GND Pin=U8-11
Added Pin To Net: NetName=LED0 Pin=U-16
Added Pin To Net: NetName=USART1_RX Pin=USART-1
Added Pin To Net: NetName=USART1_TX Pin=USART-2
Added Pin To Net: NetName=ENC CS Pin=U-33
Added Net: Name=ENC CS
Added Pin To Net: NetName=ENC RESET Pin=U-30
Added Net: Name=ENC RESET
Added Pin To Net: NetName=INT Pin=U-17
Added Net: Name=INT
Added Pin To Net: NetName=NetC40_2 Pin=C40-2
Added Net: Name=NetC40_2
Added Pin To Net: NetName=NetC42_1 Pin=C42-1
Added Pin To Net: NetName=NetC42_1 Pin=Y2-2
Added Net: Name=NetC42_1
Added Pin To Net: NetName=NetC43_1 Pin=C43-1
Added Pin To Net: NetName=NetC43_1 Pin=Y2-1
Added Net: Name=NetC43_1
Added Pin To Net: NetName=NetC44_1 Pin=C44-1
Added Pin To Net: NetName=NetC44_1 Pin=L1-1
Added Pin To Net: NetName=NetC44_1 Pin=U8-4
Added Net: Name=NetC44_1
Added Pin To Net: NetName=NetR41_1 Pin=R41-1
Added Net: Name=NetR41_1
Added Pin To Net: NetName=NetR41_2 Pin=R41-2
Added Pin To Net: NetName=NetR41_2 Pin=U8-9
Added Net: Name=NetR41_2
Added Pin To Net: NetName=NetR42_1 Pin=R42-1
Added Net: Name=NetR42_1
Added Pin To Net: NetName=NetR42_2 Pin=R42-2
Added Pin To Net: NetName=NetR42_2 Pin=U8-12
Added Net: Name=NetR42_2
Added Pin To Net: NetName=NetR43_1 Pin=R43-1
Added Net: Name=NetR43_1
Added Pin To Net: NetName=TPIN_N Pin=U8-3
Added Net: Name=TPIN_N
Added Pin To Net: NetName=TPIN_P Pin=U8-6
Added Net: Name=TPIN_P
Added Pin To Net: NetName=TPOUT_N Pin=U8-1
Added Net: Name=TPOUT_N
Added Pin To Net: NetName=TPOUT_P Pin=U8-2
Added Net: Name=TPOUT_P
Added Differential Pair: Name=TPIN
Added Differential Pair: Name=TPOUT
Added Member To Class: ClassName=OVSR Member=Component C40 Cap
Added Member To Class: ClassName=OVSR Member=Component C41 Cap
Added Member To Class: ClassName=OVSR Member=Component C42 Cap
Added Member To Class: ClassName=OVSR Member=Component C43 Cap
Added Member To Class: ClassName=OVSR Member=Component C44 Cap
Added Member To Class: ClassName=OVSR Member=Component L1 Inductor
Added Member To Class: ClassName=OVSR Member=Component R41 Res1
Added Member To Class: ClassName=OVSR Member=Component R42 Res1
Added Member To Class: ClassName=OVSR Member=Component R43 Res1
Added Member To Class: ClassName=OVSR Member=Component USART RS485
Added Member To Class: ClassName=OVSR Member=Component Y2 XTAL
Added Room: Name=OVSR
