Added Component: Designator=U7(SSOP28_53MM_065P)
Added Pin To Net: NetName=NetC40_2 Pin=U7-1
Added Pin To Net: NetName=GND Pin=U7-2
Added Pin To Net: NetName=INT Pin=U7-4
Added Pin To Net: NetName=SPI2_MISO Pin=U7-6
Added Pin To Net: NetName=SPI2_MOSI Pin=U7-7
Added Pin To Net: NetName=SPI2_SCK Pin=U7-8
Added Pin To Net: NetName=ENC CS Pin=U7-9
Added Pin To Net: NetName=ENC RESET Pin=U7-10
Added Pin To Net: NetName=GND Pin=U7-11
Added Pin To Net: NetName=TPIN_P Pin=U7-12
Added Pin To Net: NetName=TPIN_N Pin=U7-13
Added Pin To Net: NetName=NetR43_1 Pin=U7-14
Added Pin To Net: NetName=VCC3.3 Pin=U7-15
Added Pin To Net: NetName=TPOUT_P Pin=U7-16
Added Pin To Net: NetName=TPOUT_N Pin=U7-17
Added Pin To Net: NetName=GND Pin=U7-18
Added Pin To Net: NetName=VCC3.3 Pin=U7-19
Added Pin To Net: NetName=VCC3.3 Pin=U7-20
Added Pin To Net: NetName=GND Pin=U7-21
Added Pin To Net: NetName=GND Pin=U7-22
Added Pin To Net: NetName=NetC43_1 Pin=U7-23
Added Pin To Net: NetName=NetC42_1 Pin=U7-24
Added Pin To Net: NetName=VCC3.3 Pin=U7-25
Added Pin To Net: NetName=NetR42_1 Pin=U7-26
Added Pin To Net: NetName=NetR41_1 Pin=U7-27
Added Pin To Net: NetName=VCC3.3 Pin=U7-28
Added Member To Class: ClassName=OVSR Member=Component U7 ENC28J60A
