Removed Pin From Net: NetName=GND Pin=C33-1
Removed Pin From Net: NetName=VCC3.3 Pin=C33-2
Removed Pin From Net: NetName=VCC3.3 Pin=C34-1
Removed Pin From Net: NetName=GND Pin=C34-2
Removed Pin From Net: NetName=VCC5 Pin=C35-1
Removed Pin From Net: NetName=GND Pin=C35-2
Removed Pin From Net: NetName=GND Pin=D5-1
Removed Pin From Net: NetName=VCC5 Pin=D5-2
Removed Pin From Net: NetName=GND Pin=D6-1
Removed Pin From Net: NetName=VCC3.3 Pin=D6-2
Removed Pin From Net: NetName=GND Pin=U10-1
Removed Pin From Net: NetName=VCC3.3 Pin=U10-2
Removed Pin From Net: NetName=VCC5 Pin=U10-3
Removed Pin From Net: NetName=VCC3.3 Pin=U10-4
Removed Member From Class: ClassName=OVSR Member=C33
Removed Member From Class: ClassName=OVSR Member=C34
Removed Member From Class: ClassName=OVSR Member=C35
Removed Member From Class: ClassName=OVSR Member=D5
Removed Member From Class: ClassName=OVSR Member=D6
Removed Member From Class: ClassName=OVSR Member=U10
Change Component Footprint: Designator=C1 Old Footprint=0603P New Footprint=CC1608-0603
Change Component Footprint: Designator=C2 Old Footprint=0603P New Footprint=CC1608-0603
Change Component Footprint: Designator=C3 Old Footprint=0603P New Footprint=CC1608-0603
Change Component Footprint: Designator=C4 Old Footprint=0603P New Footprint=CC1608-0603
Change Component Footprint: Designator=C5 Old Footprint=0603P New Footprint=CC1608-0603
Change Component Footprint: Designator=C6 Old Footprint=0603P New Footprint=CC1608-0603
Change Component Footprint: Designator=C7 Old Footprint=0603P New Footprint=CC1608-0603
Change Component Footprint: Designator=C10 Old Footprint=0603P New Footprint=CC1608-0603
Change Component Footprint: Designator=C22 Old Footprint=0603P New Footprint=CC1608-0603
Change Component Footprint: Designator=C27 Old Footprint=0603P New Footprint=CC1608-0603
Change Component Footprint: Designator=R1 Old Footprint=0603P New Footprint=CR1608-0603
Change Component Footprint: Designator=R2 Old Footprint=0603P New Footprint=CR1608-0603
Change Component Footprint: Designator=R4 Old Footprint=0603P New Footprint=CR1608-0603
Change Component Footprint: Designator=R5 Old Footprint=0603P New Footprint=CR1608-0603
Change Component Footprint: Designator=R6 Old Footprint=0603P New Footprint=CR1608-0603
Change Component Footprint: Designator=R9 Old Footprint=0603P New Footprint=CR1608-0603
Change Component Footprint: Designator=R10 Old Footprint=0603P New Footprint=CR1608-0603
Change Component Footprint: Designator=R11 Old Footprint=0603P New Footprint=CR1608-0603
Change Component Footprint: Designator=R12 Old Footprint=0603P New Footprint=CR1608-0603
Change Component Footprint: Designator=R13 Old Footprint=0603P New Footprint=CR1608-0603
Change Component Footprint: Designator=R16 Old Footprint=0603P New Footprint=CR1608-0603
Change Component Footprint: Designator=R18 Old Footprint=0603P New Footprint=CR1608-0603
Change Component Footprint: Designator=R19 Old Footprint=0603P New Footprint=CR1608-0603
Change Component Footprint: Designator=R21 Old Footprint=0603P New Footprint=CR1608-0603
Change Component Footprint: Designator=R23 Old Footprint=0603P New Footprint=CR1608-0603
Change Component Footprint: Designator=R24 Old Footprint=0603P New Footprint=CR1608-0603
Change Component Footprint: Designator=DS0 Old Footprint=SMDLED New Footprint=Cr2012-0805
Change Component Footprint: Designator=PWR Old Footprint=SMDLED New Footprint=Cr2012-0805
Change Component Footprint: Designator=Y1 Old Footprint=XTAL_US New Footprint=OSC1
Added Component: Designator=C11(CC1608-0603)
Added Component: Designator=C12(CC1608-0603)
Added Component: Designator=U2(SOT230P700X180-4N)
Added Pin To Net: NetName=VCC5 Pin=C11-1
Added Pin To Net: NetName=GND Pin=C11-2
Added Pin To Net: NetName=VCC3.3 Pin=C12-1
Added Pin To Net: NetName=GND Pin=C12-2
Added Pin To Net: NetName=GND Pin=U2-1
Added Pin To Net: NetName=VCC3.3 Pin=U2-2
Added Pin To Net: NetName=VCC5 Pin=U2-3
Added Member To Class: ClassName=OVSR Member=Component C11 Cap Pol2
Added Member To Class: ClassName=OVSR Member=Component C12 Cap Pol2
Added Member To Class: ClassName=OVSR Member=Component U2 AMD1117-3.3
